开始转换……
小程序路径:  E:\WorkSpace\Web\three-shifts
搜索到32个文件(含目录)，耗时：8ms

开始分析文件
分析文件信息完成，共8组数据
开始转换文件组为vue文件
转换进度: 1 / 16   fileKey：app
转换进度: 2 / 16   fileKey：components/calendar/calendar
转换进度: 3 / 16   fileKey：pages/index/index
转换进度: 4 / 16   fileKey：pages/statistics/statistics
转换进度: 5 / 16   fileKey：project.config
转换进度: 6 / 16   fileKey：project.private.config
转换进度: 7 / 16   fileKey：sitemap
转换进度: 8 / 16   fileKey：utils/const
开始二次遍历及生成vue文件
write pages.json success!
write manifest.json success!
write main.js success!
write package.json success!


统计信息：

Component数量: 1
Page数量: 2
支付api数量: 0
登录api数量: 0
chooseMedia数量: 0
getLocation数量: 0
getRelationNodes数量: 0
<ad/>数量: 0
<map/>数量: 0
<video/>数量: 0

项目转换完成！
用时: 4.032s
工具版本：v2.2.1
在该小程序项目的同级目录可以看到_uni结尾的项目，即是转换好的uniapp项目，相关日志在该目录里。

使用说明：
    1.因各种原因，本工具并非100%完美转换！部分语法仍需人工处理！
    2.如遇运行报错，请添加QQ群(四群：555691239)带图反馈或https://github.com/zhangdaren/miniprogram-to-uniapp提交Issue！
    3.更多信息请查阅转换后目录里的 README.md 和 transform.log


